<?xml version="1.0" encoding="UTF-8"?>
<testsuite xmlns:xsi="http://www.w3.org/2001/XMLSchema-instance" xsi:noNamespaceSchemaLocation="https://maven.apache.org/surefire/maven-surefire-plugin/xsd/surefire-test-report-3.0.xsd" version="3.0" name="service.ReservaServiceTest" time="2.135" tests="3" errors="0" skipped="0" failures="0">
  <properties>
    <property name="java.specification.version" value="24"/>
    <property name="sun.cpu.isalist" value="amd64"/>
    <property name="sun.jnu.encoding" value="UTF-8"/>
    <property name="java.class.path" value="C:\Program Files\Apache\Maven\apache-maven-3.9.9\boot\plexus-classworlds-2.8.0.jar"/>
    <property name="java.vm.vendor" value="Oracle Corporation"/>
    <property name="sun.arch.data.model" value="64"/>
    <property name="user.variant" value=""/>
    <property name="java.vendor.url" value="https://java.oracle.com/"/>
    <property name="user.timezone" value="America/Mexico_City"/>
    <property name="maven.conf" value="C:\Program Files\Apache\Maven\apache-maven-3.9.9/conf"/>
    <property name="java.vm.specification.version" value="24"/>
    <property name="os.name" value="Windows 11"/>
    <property name="sun.java.launcher" value="SUN_STANDARD"/>
    <property name="user.country" value="MX"/>
    <property name="sun.boot.library.path" value="C:\Program Files\Java\jdk-24\bin"/>
    <property name="sun.java.command" value="org.codehaus.plexus.classworlds.launcher.Launcher clean test"/>
    <property name="jdk.debug" value="release"/>
    <property name="maven.home" value="C:\Program Files\Apache\Maven\apache-maven-3.9.9"/>
    <property name="surefire.test.class.path" value="C:\Users\Pam&amp;Omar\Desktop\Cursos Pam\Bedu-Java\Modulo_2\Sesion-08\s8-reto-02\target\test-classes;C:\Users\Pam&amp;Omar\Desktop\Cursos Pam\Bedu-Java\Modulo_2\Sesion-08\s8-reto-02\target\classes;C:\Users\Pam&amp;Omar\.m2\repository\org\slf4j\slf4j-api\2.0.9\slf4j-api-2.0.9.jar;C:\Users\Pam&amp;Omar\.m2\repository\org\slf4j\slf4j-simple\2.0.9\slf4j-simple-2.0.9.jar;C:\Users\Pam&amp;Omar\.m2\repository\org\junit\jupiter\junit-jupiter\5.10.0\junit-jupiter-5.10.0.jar;C:\Users\Pam&amp;Omar\.m2\repository\org\junit\jupiter\junit-jupiter-api\5.10.0\junit-jupiter-api-5.10.0.jar;C:\Users\Pam&amp;Omar\.m2\repository\org\opentest4j\opentest4j\1.3.0\opentest4j-1.3.0.jar;C:\Users\Pam&amp;Omar\.m2\repository\org\junit\platform\junit-platform-commons\1.10.0\junit-platform-commons-1.10.0.jar;C:\Users\Pam&amp;Omar\.m2\repository\org\apiguardian\apiguardian-api\1.1.2\apiguardian-api-1.1.2.jar;C:\Users\Pam&amp;Omar\.m2\repository\org\junit\jupiter\junit-jupiter-params\5.10.0\junit-jupiter-params-5.10.0.jar;C:\Users\Pam&amp;Omar\.m2\repository\org\junit\jupiter\junit-jupiter-engine\5.10.0\junit-jupiter-engine-5.10.0.jar;C:\Users\Pam&amp;Omar\.m2\repository\org\junit\platform\junit-platform-engine\1.10.0\junit-platform-engine-1.10.0.jar;C:\Users\Pam&amp;Omar\.m2\repository\org\mockito\mockito-core\5.11.0\mockito-core-5.11.0.jar;C:\Users\Pam&amp;Omar\.m2\repository\net\bytebuddy\byte-buddy\1.14.12\byte-buddy-1.14.12.jar;C:\Users\Pam&amp;Omar\.m2\repository\net\bytebuddy\byte-buddy-agent\1.14.12\byte-buddy-agent-1.14.12.jar;C:\Users\Pam&amp;Omar\.m2\repository\org\objenesis\objenesis\3.3\objenesis-3.3.jar;"/>
    <property name="sun.cpu.endian" value="little"/>
    <property name="user.home" value="C:\Users\Pam&amp;Omar"/>
    <property name="user.language" value="es"/>
    <property name="java.specification.vendor" value="Oracle Corporation"/>
    <property name="java.version.date" value="2025-04-15"/>
    <property name="java.home" value="C:\Program Files\Java\jdk-24"/>
    <property name="file.separator" value="\"/>
    <property name="basedir" value="C:\Users\Pam&amp;Omar\Desktop\Cursos Pam\Bedu-Java\Modulo_2\Sesion-08\s8-reto-02"/>
    <property name="java.vm.compressedOopsMode" value="32-bit"/>
    <property name="line.separator" value="&#10;"/>
    <property name="java.vm.specification.vendor" value="Oracle Corporation"/>
    <property name="java.specification.name" value="Java Platform API Specification"/>
    <property name="user.script" value=""/>
    <property name="sun.management.compiler" value="HotSpot 64-Bit Tiered Compilers"/>
    <property name="java.runtime.version" value="24.0.1+9-30"/>
    <property name="user.name" value="Pam&amp;Omar"/>
    <property name="stdout.encoding" value="UTF-8"/>
    <property name="path.separator" value=";"/>
    <property name="os.version" value="10.0"/>
    <property name="java.runtime.name" value="Java(TM) SE Runtime Environment"/>
    <property name="file.encoding" value="UTF-8"/>
    <property name="guice.disable.misplaced.annotation.check" value="true"/>
    <property name="java.vm.name" value="Java HotSpot(TM) 64-Bit Server VM"/>
    <property name="localRepository" value="C:\Users\Pam&amp;Omar\.m2\repository"/>
    <property name="java.vendor.url.bug" value="https://bugreport.java.com/bugreport/"/>
    <property name="java.io.tmpdir" value="C:\Users\Pam&amp;Omar\AppData\Local\Temp\"/>
    <property name="java.version" value="24.0.1"/>
    <property name="user.dir" value="C:\Users\Pam&amp;Omar\Desktop\Cursos Pam\Bedu-Java\Modulo_2\Sesion-08\s8-reto-02"/>
    <property name="os.arch" value="amd64"/>
    <property name="maven.multiModuleProjectDirectory" value="C:\Users\Pam&amp;Omar\Desktop\Cursos Pam\Bedu-Java\Modulo_2\Sesion-08\s8-reto-02"/>
    <property name="java.vm.specification.name" value="Java Virtual Machine Specification"/>
    <property name="sun.os.patch.level" value=""/>
    <property name="native.encoding" value="UTF-8"/>
    <property name="java.library.path" value="C:\Program Files\Java\jdk-24\bin;C:\Windows\Sun\Java\bin;C:\Windows\system32;C:\Windows;C:\Program Files\PowerShell\7;C:\Program Files\Common Files\Oracle\Java\javapath;C:\Windows\system32;C:\Windows;C:\Windows\System32\Wbem;C:\Windows\System32\WindowsPowerShell\v1.0\;C:\Windows\System32\OpenSSH\;C:\Program Files\Git\cmd;C:\Program Files\PowerShell\7\;C:\Program Files\Apache\Maven\apache-maven-3.9.9\bin;C:\Users\Pam&amp;Omar\AppData\Local\Microsoft\WindowsApps;C:\Users\Pam&amp;Omar\AppData\Local\Programs\Python\Launcher\;C:\Users\Pam&amp;Omar\AppData\Local\Programs\Microsoft VS Code\bin;C:\Users\Pam&amp;Omar\AppData\Local\Microsoft\powershell\;C:\Program Files\Java\jdk-24\bin;C:\Gradle\gradle-8.14.2\bin;;."/>
    <property name="java.vm.info" value="mixed mode, sharing"/>
    <property name="stderr.encoding" value="UTF-8"/>
    <property name="java.vendor" value="Oracle Corporation"/>
    <property name="java.vm.version" value="24.0.1+9-30"/>
    <property name="classworlds.conf" value="C:\Program Files\Apache\Maven\apache-maven-3.9.9\bin\m2.conf"/>
    <property name="sun.io.unicode.encoding" value="UnicodeLittle"/>
    <property name="library.jansi.path" value="C:\Program Files\Apache\Maven\apache-maven-3.9.9\lib\jansi-native"/>
    <property name="java.class.version" value="68.0"/>
  </properties>
  <testcase name="reservaConfirmadaCuandoHayDisponibilidad" classname="service.ReservaServiceTest" time="2.071">
    <system-err><![CDATA[WARNING: A Java agent has been loaded dynamically (C:\Users\Pam&Omar\.m2\repository\net\bytebuddy\byte-buddy-agent\1.14.12\byte-buddy-agent-1.14.12.jar)
WARNING: If a serviceability tool is in use, please run with -XX:+EnableDynamicAgentLoading to hide this warning
WARNING: If a serviceability tool is not in use, please run with -Djdk.instrument.traceUsage for more information
WARNING: Dynamic loading of agents will be disallowed by default in a future release
[main] INFO service.ReservaService - Reserva confirmada para 2 personas el 2025-05-01
]]></system-err>
  </testcase>
  <testcase name="reservaRechazadaCuandoNoHayDisponibilidad" classname="service.ReservaServiceTest" time="0.006">
    <system-err><![CDATA[[main] INFO service.ReservaService - Reserva rechazada para 5 personas el 2025-05-02 (sin disponibilidad)
]]></system-err>
  </testcase>
  <testcase name="reservaInvalidaPorExcesoDePersonas" classname="service.ReservaServiceTest" time="0.007">
    <system-err><![CDATA[[main] WARN service.ReservaService - Número inválido de personas para reserva: 15 personas el 2025-05-03
]]></system-err>
  </testcase>
</testsuite>